<?xml version="1.0" encoding="UTF-8"?>
<!-- Generated by org.testng.reporters.JUnitReportReporter -->
<testsuite hostname="LAPTOP-8U90PMR9" failures="0" tests="1" name="shashankframeworkdesigns.Finalframework.Errorvalidation" time="4.956" errors="0" timestamp="2025-02-15T18:08:32 IST" skipped="0">
  <testcase classname="shashankframeworkdesigns.Finalframework.Errorvalidation" name="LoginErrorValidation" time="4.956"/>
</testsuite> <!-- shashankframeworkdesigns.Finalframework.Errorvalidation -->
