<?xml version="1.0" encoding="UTF-8"?>
<!-- Generated by org.testng.reporters.JUnitReportReporter -->
<testsuite hostname="LAPTOP-8U90PMR9" failures="0" tests="2" name="shashankframeworkdesigns.Finalframework.EndtoEndJourney" time="55.328" errors="0" timestamp="2025-02-21T08:01:41 IST" skipped="0">
  <testcase classname="shashankframeworkdesigns.Finalframework.EndtoEndJourney" name="submitorder" time="30.161"/>
  <testcase classname="shashankframeworkdesigns.Finalframework.EndtoEndJourney" name="submitorder" time="25.167"/>
</testsuite> <!-- shashankframeworkdesigns.Finalframework.EndtoEndJourney -->
