<?xml version="1.0" encoding="UTF-8"?>
<!-- Generated by org.testng.reporters.JUnitReportReporter -->
<testsuite hostname="LAPTOP-8U90PMR9" failures="0" tests="2" name="shashankframeworkdesigns.Finalframework.EndtoEndJourney" time="36.570" errors="0" timestamp="2025-02-15T18:03:49 IST" skipped="0">
  <testcase classname="shashankframeworkdesigns.Finalframework.EndtoEndJourney" name="submitorder" time="19.069"/>
  <testcase classname="shashankframeworkdesigns.Finalframework.EndtoEndJourney" name="submitorder" time="17.501"/>
</testsuite> <!-- shashankframeworkdesigns.Finalframework.EndtoEndJourney -->
